{"/Users/pearlamutombo/Documents/W3-week3-adviceGenerator/src/App.jsx": {"path":"/Users/pearlamutombo/Documents/W3-week3-adviceGenerator/src/App.jsx","statementMap":{"0":{"start":{"line":7,"column":50},"end":{"line":7,"column":60}},"1":{"start":{"line":9,"column":2},"end":{"line":22,"column":null}}},"fnMap":{"0":{"name":"App","decl":{"start":{"line":6,"column":9},"end":{"line":6,"column":15}},"loc":{"start":{"line":6,"column":15},"end":{"line":24,"column":null}},"line":6}},"branchMap":{"0":{"loc":{"start":{"line":14,"column":9},"end":{"line":14,"column":null}},"type":"binary-expr","locations":[{"start":{"line":14,"column":9},"end":{"line":14,"column":18}},{"start":{"line":14,"column":18},"end":{"line":14,"column":null}}],"line":14}},"s":{"0":6,"1":6},"f":{"0":6},"b":{"0":[6,1]},"meta":{"lastBranch":1,"lastFunction":1,"lastStatement":2,"seen":{"f:6:9:6:15":0,"s:7:50:7:60":0,"s:9:2:22:Infinity":1,"b:14:9:14:18:14:18:14:Infinity":0},"fnNames":{}}}
,"/Users/pearlamutombo/Documents/W3-week3-adviceGenerator/src/components/AdviceButton/AdviceButton.jsx": {"path":"/Users/pearlamutombo/Documents/W3-week3-adviceGenerator/src/components/AdviceButton/AdviceButton.jsx","statementMap":{"0":{"start":{"line":2,"column":2},"end":{"line":16,"column":null}}},"fnMap":{"0":{"name":"AdviceButton","decl":{"start":{"line":1,"column":9},"end":{"line":1,"column":22}},"loc":{"start":{"line":1,"column":54},"end":{"line":18,"column":null}},"line":1}},"branchMap":{"0":{"loc":{"start":{"line":9,"column":7},"end":{"line":14,"column":null}},"type":"cond-expr","locations":[{"start":{"line":10,"column":8},"end":{"line":12,"column":9}},{"start":{"line":12,"column":8},"end":{"line":14,"column":null}}],"line":9}},"s":{"0":9},"f":{"0":9},"b":{"0":[3,6]},"meta":{"lastBranch":1,"lastFunction":1,"lastStatement":1,"seen":{"f:1:9:1:22":0,"s:2:2:16:Infinity":0,"b:10:8:12:9:12:8:14:Infinity":0},"fnNames":{}}}
,"/Users/pearlamutombo/Documents/W3-week3-adviceGenerator/src/components/AdviceCard/AdviceCard.jsx": {"path":"/Users/pearlamutombo/Documents/W3-week3-adviceGenerator/src/components/AdviceCard/AdviceCard.jsx","statementMap":{"0":{"start":{"line":2,"column":2},"end":{"line":16,"column":null}}},"fnMap":{"0":{"name":"AdviceCard","decl":{"start":{"line":1,"column":9},"end":{"line":1,"column":20}},"loc":{"start":{"line":1,"column":32},"end":{"line":18,"column":null}},"line":1}},"branchMap":{},"s":{"0":6},"f":{"0":6},"b":{},"meta":{"lastBranch":0,"lastFunction":1,"lastStatement":1,"seen":{"f:1:9:1:20":0,"s:2:2:16:Infinity":0},"fnNames":{}}}
,"/Users/pearlamutombo/Documents/W3-week3-adviceGenerator/src/hooks/useAdvice.js": {"path":"/Users/pearlamutombo/Documents/W3-week3-adviceGenerator/src/hooks/useAdvice.js","statementMap":{"0":{"start":{"line":5,"column":30},"end":{"line":8,"column":null}},"1":{"start":{"line":10,"column":32},"end":{"line":10,"column":null}},"2":{"start":{"line":11,"column":28},"end":{"line":11,"column":null}},"3":{"start":{"line":13,"column":24},"end":{"line":13,"column":null}},"4":{"start":{"line":15,"column":22},"end":{"line":41,"column":null}},"5":{"start":{"line":17,"column":4},"end":{"line":19,"column":null}},"6":{"start":{"line":18,"column":6},"end":{"line":18,"column":null}},"7":{"start":{"line":21,"column":23},"end":{"line":21,"column":null}},"8":{"start":{"line":22,"column":4},"end":{"line":22,"column":null}},"9":{"start":{"line":24,"column":4},"end":{"line":24,"column":null}},"10":{"start":{"line":25,"column":4},"end":{"line":25,"column":null}},"11":{"start":{"line":27,"column":4},"end":{"line":40,"column":null}},"12":{"start":{"line":28,"column":24},"end":{"line":28,"column":null}},"13":{"start":{"line":29,"column":6},"end":{"line":29,"column":null}},"14":{"start":{"line":32,"column":6},"end":{"line":34,"column":null}},"15":{"start":{"line":33,"column":8},"end":{"line":33,"column":null}},"16":{"start":{"line":37,"column":6},"end":{"line":39,"column":null}},"17":{"start":{"line":38,"column":8},"end":{"line":38,"column":null}},"18":{"start":{"line":43,"column":2},"end":{"line":51,"column":null}},"19":{"start":{"line":44,"column":4},"end":{"line":44,"column":null}},"20":{"start":{"line":46,"column":4},"end":{"line":50,"column":null}},"21":{"start":{"line":47,"column":6},"end":{"line":49,"column":null}},"22":{"start":{"line":48,"column":8},"end":{"line":48,"column":null}},"23":{"start":{"line":53,"column":2},"end":{"line":58,"column":null}}},"fnMap":{"0":{"name":"useAdvice","decl":{"start":{"line":4,"column":16},"end":{"line":4,"column":28}},"loc":{"start":{"line":4,"column":28},"end":{"line":59,"column":null}},"line":4},"1":{"name":"(anonymous_1)","decl":{"start":{"line":15,"column":34},"end":{"line":15,"column":46}},"loc":{"start":{"line":15,"column":46},"end":{"line":41,"column":5}},"line":15},"2":{"name":"(anonymous_2)","decl":{"start":{"line":43,"column":2},"end":{"line":43,"column":18}},"loc":{"start":{"line":43,"column":18},"end":{"line":51,"column":5}},"line":43},"3":{"name":"(anonymous_3)","decl":{"start":{"line":46,"column":4},"end":{"line":46,"column":17}},"loc":{"start":{"line":46,"column":17},"end":{"line":50,"column":null}},"line":46}},"branchMap":{"0":{"loc":{"start":{"line":17,"column":4},"end":{"line":19,"column":null}},"type":"if","locations":[{"start":{"line":17,"column":4},"end":{"line":19,"column":null}},{"start":{},"end":{}}],"line":17},"1":{"loc":{"start":{"line":32,"column":6},"end":{"line":34,"column":null}},"type":"if","locations":[{"start":{"line":32,"column":6},"end":{"line":34,"column":null}},{"start":{},"end":{}}],"line":32},"2":{"loc":{"start":{"line":32,"column":10},"end":{"line":32,"column":73}},"type":"binary-expr","locations":[{"start":{"line":32,"column":10},"end":{"line":32,"column":44}},{"start":{"line":32,"column":44},"end":{"line":32,"column":73}}],"line":32},"3":{"loc":{"start":{"line":37,"column":6},"end":{"line":39,"column":null}},"type":"if","locations":[{"start":{"line":37,"column":6},"end":{"line":39,"column":null}},{"start":{},"end":{}}],"line":37},"4":{"loc":{"start":{"line":47,"column":6},"end":{"line":49,"column":null}},"type":"if","locations":[{"start":{"line":47,"column":6},"end":{"line":49,"column":null}},{"start":{},"end":{}}],"line":47}},"s":{"0":6,"1":6,"2":6,"3":6,"4":6,"5":2,"6":0,"7":2,"8":2,"9":2,"10":2,"11":2,"12":2,"13":1,"14":1,"15":1,"16":2,"17":2,"18":6,"19":2,"20":2,"21":2,"22":2,"23":6},"f":{"0":6,"1":2,"2":2,"3":2},"b":{"0":[0,2],"1":[1,0],"2":[1,1],"3":[2,0],"4":[2,0]},"meta":{"lastBranch":5,"lastFunction":4,"lastStatement":24,"seen":{"f:4:16:4:28":0,"s:5:30:8:Infinity":0,"s:10:32:10:Infinity":1,"s:11:28:11:Infinity":2,"s:13:24:13:Infinity":3,"s:15:22:41:Infinity":4,"f:15:34:15:46":1,"b:17:4:19:Infinity:undefined:undefined:undefined:undefined":0,"s:17:4:19:Infinity":5,"s:18:6:18:Infinity":6,"s:21:23:21:Infinity":7,"s:22:4:22:Infinity":8,"s:24:4:24:Infinity":9,"s:25:4:25:Infinity":10,"s:27:4:40:Infinity":11,"s:28:24:28:Infinity":12,"s:29:6:29:Infinity":13,"b:32:6:34:Infinity:undefined:undefined:undefined:undefined":1,"s:32:6:34:Infinity":14,"b:32:10:32:44:32:44:32:73":2,"s:33:8:33:Infinity":15,"b:37:6:39:Infinity:undefined:undefined:undefined:undefined":3,"s:37:6:39:Infinity":16,"s:38:8:38:Infinity":17,"s:43:2:51:Infinity":18,"f:43:2:43:18":2,"s:44:4:44:Infinity":19,"s:46:4:50:Infinity":20,"f:46:4:46:17":3,"b:47:6:49:Infinity:undefined:undefined:undefined:undefined":4,"s:47:6:49:Infinity":21,"s:48:8:48:Infinity":22,"s:53:2:58:Infinity":23},"fnNames":{}}}
,"/Users/pearlamutombo/Documents/W3-week3-adviceGenerator/src/services/adviceApi.js": {"path":"/Users/pearlamutombo/Documents/W3-week3-adviceGenerator/src/services/adviceApi.js","statementMap":{"0":{"start":{"line":3,"column":16},"end":{"line":3,"column":null}},"1":{"start":{"line":6,"column":19},"end":{"line":8,"column":null}},"2":{"start":{"line":10,"column":2},"end":{"line":13,"column":null}}},"fnMap":{"0":{"name":"getAdvice","decl":{"start":{"line":5,"column":22},"end":{"line":5,"column":32}},"loc":{"start":{"line":5,"column":40},"end":{"line":14,"column":null}},"line":5}},"branchMap":{},"s":{"0":1,"1":0,"2":0},"f":{"0":0},"b":{},"meta":{"lastBranch":0,"lastFunction":1,"lastStatement":3,"seen":{"s:3:16:3:Infinity":0,"f:5:22:5:32":0,"s:6:19:8:Infinity":1,"s:10:2:13:Infinity":2},"fnNames":{}}}
,"/Users/pearlamutombo/Documents/W3-week3-adviceGenerator/src/styles/main.scss": {"path":"/Users/pearlamutombo/Documents/W3-week3-adviceGenerator/src/styles/main.scss","statementMap":{},"fnMap":{},"branchMap":{},"s":{},"f":{},"b":{},"meta":{"lastBranch":0,"lastFunction":0,"lastStatement":0,"seen":{},"fnNames":{}}}
}
